2014-12-08 21:19:28 



















2014-12-08 21:19:28 Pennypincher version v0.8.6.2-unk-beta ()
2014-12-08 21:19:28 Using OpenSSL version OpenSSL 1.0.1f 6 Jan 2014
2014-12-08 21:19:28 Default data directory .
2014-12-08 21:19:28 Using data directory .
2014-12-08 21:19:28 Using at most 125 connections (1024 file descriptors available)
2014-12-08 21:19:28 Using 4 threads for script verification
2014-12-08 21:19:28 init message: Verifying wallet...
2014-12-08 21:19:28 dbenv.open LogDir=./database ErrorFile=./db.log
2014-12-08 21:19:28 Bound to [::]:13420
2014-12-08 21:19:28 Bound to 0.0.0.0:13420
2014-12-08 21:19:28 init message: Loading block index...
2014-12-08 21:19:28 Opening LevelDB in ./blocks/index
2014-12-08 21:19:28 Opened LevelDB successfully
2014-12-08 21:19:28 Opening LevelDB in ./chainstate
2014-12-08 21:19:28 Opened LevelDB successfully
2014-12-08 21:19:28 LoadBlockIndexDB(): last block file = 0
2014-12-08 21:19:28 LoadBlockIndexDB(): transaction index disabled
2014-12-08 21:19:28 Initializing databases...
2014-12-08 21:19:28 b1f3774cca8775cdef0cf392f4628078a7972e60fb0fc15dccc3c47c36602524
2014-12-08 21:19:28 b1f3774cca8775cdef0cf392f4628078a7972e60fb0fc15dccc3c47c36602524
2014-12-08 21:19:28 df5d4cddc97c45da161f81032af08c18a6b7caecf0fb13d416108d61872cb618
2014-12-08 21:19:28 CBlock(hash=b1f3774cca8775cdef0cf392f4628078a7972e60fb0fc15dccc3c47c36602524, input=01000000000000000000000000000000000000000000000000000000000000000000000018b62c87618d1016d413fbf0eccab7a6188cf02a03811f16da457cc9dd4c5ddfd4f75754f0ff0f1e8b42587c, PoW=00000d0cae82733bb9716e43a7088544d215bf56a22dec399c29e07afaf7c3a1, ver=1, hashPrevBlock=0000000000000000000000000000000000000000000000000000000000000000, hashMerkleRoot=df5d4cddc97c45da161f81032af08c18a6b7caecf0fb13d416108d61872cb618, nTime=1415051220, nBits=1e0ffff0, nNonce=2086158987, vtx=1)
2014-12-08 21:19:28   CTransaction(hash=df5d4cddc97c45da161f81032af08c18a6b7caecf0fb13d416108d61872cb618, ver=1, vin.size=1, vout.size=1, nLockTime=0)
    CTxIn(COutPoint(0000000000000000000000000000000000000000000000000000000000000000, 4294967295), coinbase 04ffff001d01040d4d74676f7820697320646f776e)
    CTxOut(nValue=50.00000000, scriptPubKey=040184710fa689ad5023690c80f3a4)
  vMerkleTree: df5d4cddc97c45da161f81032af08c18a6b7caecf0fb13d416108d61872cb618 
2014-12-08 21:19:28 Pre-allocating up to position 0x1000000 in blk00000.dat
2014-12-08 21:19:28 SetBestChain: new best=b1f3774cca8775cdef0cf392f4628078a7972e60fb0fc15dccc3c47c36602524  height=0  log2_work=20.000022  tx=1  date=2014-11-03 21:47:00 progress=0.000000
2014-12-08 21:19:28 init message: Verifying blocks...
2014-12-08 21:19:28  block index              14ms
2014-12-08 21:19:28 init message: Loading wallet...
2014-12-08 21:19:28 nFileVersion = 80602
2014-12-08 21:19:28 Performing wallet upgrade to 60000
2014-12-08 21:19:28 keypool added key 1, size=1
2014-12-08 21:19:28 keypool added key 2, size=2
2014-12-08 21:19:28 keypool added key 3, size=3
2014-12-08 21:19:28 keypool added key 4, size=4
2014-12-08 21:19:28 keypool added key 5, size=5
2014-12-08 21:19:28 keypool added key 6, size=6
2014-12-08 21:19:28 keypool added key 7, size=7
2014-12-08 21:19:28 keypool added key 8, size=8
2014-12-08 21:19:28 keypool added key 9, size=9
2014-12-08 21:19:28 keypool added key 10, size=10
2014-12-08 21:19:28 keypool added key 11, size=11
2014-12-08 21:19:28 keypool added key 12, size=12
2014-12-08 21:19:28 keypool added key 13, size=13
2014-12-08 21:19:28 keypool added key 14, size=14
2014-12-08 21:19:28 keypool added key 15, size=15
2014-12-08 21:19:28 keypool added key 16, size=16
2014-12-08 21:19:28 keypool added key 17, size=17
2014-12-08 21:19:28 keypool added key 18, size=18
2014-12-08 21:19:28 keypool added key 19, size=19
2014-12-08 21:19:28 keypool added key 20, size=20
2014-12-08 21:19:28 keypool added key 21, size=21
2014-12-08 21:19:28 keypool added key 22, size=22
2014-12-08 21:19:28 keypool added key 23, size=23
2014-12-08 21:19:28 keypool added key 24, size=24
2014-12-08 21:19:28 keypool added key 25, size=25
2014-12-08 21:19:28 keypool added key 26, size=26
2014-12-08 21:19:28 keypool added key 27, size=27
2014-12-08 21:19:28 keypool added key 28, size=28
2014-12-08 21:19:28 keypool added key 29, size=29
2014-12-08 21:19:28 keypool added key 30, size=30
2014-12-08 21:19:28 keypool added key 31, size=31
2014-12-08 21:19:28 keypool added key 32, size=32
2014-12-08 21:19:28 keypool added key 33, size=33
2014-12-08 21:19:28 keypool added key 34, size=34
2014-12-08 21:19:28 keypool added key 35, size=35
2014-12-08 21:19:28 keypool added key 36, size=36
2014-12-08 21:19:28 keypool added key 37, size=37
2014-12-08 21:19:28 keypool added key 38, size=38
2014-12-08 21:19:28 keypool added key 39, size=39
2014-12-08 21:19:28 keypool added key 40, size=40
2014-12-08 21:19:28 keypool added key 41, size=41
2014-12-08 21:19:28 keypool added key 42, size=42
2014-12-08 21:19:28 keypool added key 43, size=43
2014-12-08 21:19:28 keypool added key 44, size=44
2014-12-08 21:19:28 keypool added key 45, size=45
2014-12-08 21:19:28 keypool added key 46, size=46
2014-12-08 21:19:28 keypool added key 47, size=47
2014-12-08 21:19:28 keypool added key 48, size=48
2014-12-08 21:19:28 keypool added key 49, size=49
2014-12-08 21:19:28 keypool added key 50, size=50
2014-12-08 21:19:28 keypool added key 51, size=51
2014-12-08 21:19:28 keypool added key 52, size=52
2014-12-08 21:19:28 keypool added key 53, size=53
2014-12-08 21:19:28 keypool added key 54, size=54
2014-12-08 21:19:28 keypool added key 55, size=55
2014-12-08 21:19:28 keypool added key 56, size=56
2014-12-08 21:19:28 keypool added key 57, size=57
2014-12-08 21:19:28 keypool added key 58, size=58
2014-12-08 21:19:28 keypool added key 59, size=59
2014-12-08 21:19:28 keypool added key 60, size=60
2014-12-08 21:19:28 keypool added key 61, size=61
2014-12-08 21:19:28 keypool added key 62, size=62
2014-12-08 21:19:28 keypool added key 63, size=63
2014-12-08 21:19:28 keypool added key 64, size=64
2014-12-08 21:19:28 keypool added key 65, size=65
2014-12-08 21:19:28 keypool added key 66, size=66
2014-12-08 21:19:28 keypool added key 67, size=67
2014-12-08 21:19:28 keypool added key 68, size=68
2014-12-08 21:19:28 keypool added key 69, size=69
2014-12-08 21:19:28 keypool added key 70, size=70
2014-12-08 21:19:28 keypool added key 71, size=71
2014-12-08 21:19:28 keypool added key 72, size=72
2014-12-08 21:19:28 keypool added key 73, size=73
2014-12-08 21:19:28 keypool added key 74, size=74
2014-12-08 21:19:28 keypool added key 75, size=75
2014-12-08 21:19:28 keypool added key 76, size=76
2014-12-08 21:19:28 keypool added key 77, size=77
2014-12-08 21:19:28 keypool added key 78, size=78
2014-12-08 21:19:28 keypool added key 79, size=79
2014-12-08 21:19:28 keypool added key 80, size=80
2014-12-08 21:19:28 keypool added key 81, size=81
2014-12-08 21:19:28 keypool added key 82, size=82
2014-12-08 21:19:28 keypool added key 83, size=83
2014-12-08 21:19:28 keypool added key 84, size=84
2014-12-08 21:19:28 keypool added key 85, size=85
2014-12-08 21:19:28 keypool added key 86, size=86
2014-12-08 21:19:28 keypool added key 87, size=87
2014-12-08 21:19:28 keypool added key 88, size=88
2014-12-08 21:19:28 keypool added key 89, size=89
2014-12-08 21:19:28 keypool added key 90, size=90
2014-12-08 21:19:28 keypool added key 91, size=91
2014-12-08 21:19:28 keypool added key 92, size=92
2014-12-08 21:19:28 keypool added key 93, size=93
2014-12-08 21:19:28 keypool added key 94, size=94
2014-12-08 21:19:28 keypool added key 95, size=95
2014-12-08 21:19:28 keypool added key 96, size=96
2014-12-08 21:19:28 keypool added key 97, size=97
2014-12-08 21:19:28 keypool added key 98, size=98
2014-12-08 21:19:28 keypool added key 99, size=99
2014-12-08 21:19:28 keypool added key 100, size=100
2014-12-08 21:19:28 keypool added key 101, size=101
2014-12-08 21:19:28 keypool reserve 1
2014-12-08 21:19:28 keypool keep 1
2014-12-08 21:19:28  wallet                  253ms
2014-12-08 21:19:28 init message: Loading addresses...
2014-12-08 21:19:28 ERROR: CAddrman::Read() : open failed
2014-12-08 21:19:28 Invalid or missing peers.dat; recreating
2014-12-08 21:19:28 Loaded 0 addresses from peers.dat  0ms
2014-12-08 21:19:28 mapBlockIndex.size() = 1
2014-12-08 21:19:28 nBestHeight = 0
2014-12-08 21:19:28 setKeyPool.size() = 100
2014-12-08 21:19:28 mapWallet.size() = 0
2014-12-08 21:19:28 mapAddressBook.size() = 1
2014-12-08 21:19:28 AddLocal(199.175.54.78:13420,1)
2014-12-08 21:19:28 IPv4 venet0:0: 199.175.54.78
2014-12-08 21:19:28 AddLocal(199.175.48.90:13420,1)
2014-12-08 21:19:28 IPv4 venet0:1: 199.175.48.90
2014-12-08 21:19:28 dnsseed thread start
2014-12-08 21:19:28 net thread start
2014-12-08 21:19:28 Loading addresses from DNS seeds (could take a while)
2014-12-08 21:19:28 addcon thread start
2014-12-08 21:19:28 opencon thread start
2014-12-08 21:19:28 0 addresses found from DNS seeds
2014-12-08 21:19:28 dnsseed thread exit
2014-12-08 21:19:28 msghand thread start
2014-12-08 21:19:28 init message: Done loading
2014-12-08 21:19:28 dumpaddr thread start
2014-12-08 21:19:29 GetMyExternalIP() received [199.175.54.78] 199.175.54.78:0
2014-12-08 21:19:29 GetMyExternalIP() returned 199.175.54.78
2014-12-08 21:19:29 AddLocal(199.175.54.78:13420,4)
2014-12-08 21:24:18 ThreadRPCServer method=validateaddress
2014-12-08 21:24:18 ThreadRPCServer method=getbalance
2014-12-08 21:24:18 ThreadRPCServer method=dumpprivkey
2014-12-08 21:24:18 ThreadRPCServer method=getinfo
2014-12-08 21:24:18 keypool added key 102, size=101
2014-12-08 21:24:18 keypool reserve 2
2014-12-08 21:24:18 keypool return 2
2014-12-08 21:24:18 ThreadRPCServer method=validateaddress
2014-12-08 21:24:18 ThreadRPCServer method=getdifficulty
2014-12-08 21:24:18 ThreadRPCServer method=getinfo
2014-12-08 21:24:18 keypool reserve 2
2014-12-08 21:24:18 keypool return 2
2014-12-08 21:24:18 ThreadRPCServer method=getmininginfo
2014-12-08 21:24:18 ThreadRPCServer method=submitblock
2014-12-08 21:24:18 ThreadRPCServer method=getinfo
2014-12-08 21:24:18 keypool reserve 2
2014-12-08 21:24:18 keypool return 2
2014-12-08 21:24:18 ThreadRPCServer method=validateaddress
2014-12-08 21:24:18 ThreadRPCServer method=getdifficulty
2014-12-08 21:24:18 ThreadRPCServer method=getinfo
2014-12-08 21:24:18 keypool reserve 2
2014-12-08 21:24:18 keypool return 2
2014-12-08 21:24:18 ThreadRPCServer method=getmininginfo
2014-12-08 21:24:18 ThreadRPCServer method=submitblock
2014-12-08 21:24:18 ThreadRPCServer method=getinfo
2014-12-08 21:24:18 keypool reserve 2
2014-12-08 21:24:18 keypool return 2
2014-12-08 21:24:18 ThreadRPCServer method=validateaddress
2014-12-08 21:24:18 ThreadRPCServer method=getdifficulty
2014-12-08 21:24:18 ThreadRPCServer method=getinfo
2014-12-08 21:24:18 keypool reserve 2
2014-12-08 21:24:18 keypool return 2
2014-12-08 21:24:18 ThreadRPCServer method=getmininginfo
2014-12-08 21:24:18 ThreadRPCServer method=submitblock
2014-12-08 21:24:19 ThreadRPCServer method=getinfo
2014-12-08 21:24:19 keypool reserve 2
2014-12-08 21:24:19 keypool return 2
2014-12-08 21:24:19 ThreadRPCServer method=validateaddress
2014-12-08 21:24:19 ThreadRPCServer method=getdifficulty
2014-12-08 21:24:19 ThreadRPCServer method=getinfo
2014-12-08 21:24:19 keypool reserve 2
2014-12-08 21:24:19 keypool return 2
2014-12-08 21:24:19 ThreadRPCServer method=getmininginfo
2014-12-08 21:24:19 ThreadRPCServer method=submitblock
2014-12-08 21:24:20 Flushing wallet.dat
2014-12-08 21:24:20 Flushed wallet.dat 0ms
2014-12-08 21:25:45 Shutdown : In progress...
2014-12-08 21:25:45 dumpaddr thread stop
2014-12-08 21:25:45 addcon thread interrupt
2014-12-08 21:25:45 opencon thread interrupt
2014-12-08 21:25:45 msghand thread interrupt
2014-12-08 21:25:45 Flush(false)
2014-12-08 21:25:45 DBFlush(false) ended               0ms
2014-12-08 21:25:45 StopNode()
2014-12-08 21:25:45 net thread interrupt
2014-12-08 21:25:45 Flushed 0 addresses to peers.dat  0ms
2014-12-08 21:25:45 Committing 0 changed transactions to coin database...
2014-12-08 21:25:45 Flush(true)
2014-12-08 21:25:45 wallet.dat refcount=0
2014-12-08 21:25:45 wallet.dat checkpoint
2014-12-08 21:25:45 wallet.dat detach
2014-12-08 21:25:45 wallet.dat closed
2014-12-08 21:25:45 DBFlush(true) ended               0ms
2014-12-08 21:25:45 Shutdown : done
2014-12-08 21:25:47 



















2014-12-08 21:25:47 Pennypincher version v0.8.6.2-unk-beta ()
2014-12-08 21:25:47 Using OpenSSL version OpenSSL 1.0.1f 6 Jan 2014
2014-12-08 21:25:47 Default data directory .
2014-12-08 21:25:47 Using data directory .
2014-12-08 21:25:47 Using at most 125 connections (1024 file descriptors available)
2014-12-08 21:25:47 Using 4 threads for script verification
2014-12-08 21:25:47 init message: Verifying wallet...
2014-12-08 21:25:47 dbenv.open LogDir=./database ErrorFile=./db.log
2014-12-08 21:25:47 Bound to [::]:13420
2014-12-08 21:25:47 Bound to 0.0.0.0:13420
2014-12-08 21:25:47 init message: Loading block index...
2014-12-08 21:25:47 Opening LevelDB in ./blocks/index
2014-12-08 21:25:47 Opened LevelDB successfully
2014-12-08 21:25:47 Opening LevelDB in ./chainstate
2014-12-08 21:25:47 Opened LevelDB successfully
2014-12-08 21:25:47 LoadBlockIndexDB(): last block file = 0
2014-12-08 21:25:47 LoadBlockIndexDB(): last block file info: CBlockFileInfo(blocks=1, size=237, heights=0...0, time=2014-11-03...2014-11-03)
2014-12-08 21:25:47 LoadBlockIndexDB(): transaction index disabled
2014-12-08 21:25:47 LoadBlockIndexDB(): hashBestChain=b1f3774cca8775cdef0cf392f4628078a7972e60fb0fc15dccc3c47c36602524  height=0 date=2014-11-03 21:47:00
2014-12-08 21:25:47 init message: Verifying blocks...
2014-12-08 21:25:47  block index              10ms
2014-12-08 21:25:47 init message: Loading wallet...
2014-12-08 21:25:48 nFileVersion = 80602
2014-12-08 21:25:48  wallet                  437ms
2014-12-08 21:25:48 init message: Loading addresses...
2014-12-08 21:25:48 Loaded 0 addresses from peers.dat  0ms
2014-12-08 21:25:48 mapBlockIndex.size() = 1
2014-12-08 21:25:48 nBestHeight = 0
2014-12-08 21:25:48 setKeyPool.size() = 101
2014-12-08 21:25:48 mapWallet.size() = 0
2014-12-08 21:25:48 mapAddressBook.size() = 1
2014-12-08 21:25:48 AddLocal(199.175.54.78:13420,1)
2014-12-08 21:25:48 IPv4 venet0:0: 199.175.54.78
2014-12-08 21:25:48 AddLocal(199.175.48.90:13420,1)
2014-12-08 21:25:48 IPv4 venet0:1: 199.175.48.90
2014-12-08 21:25:48 dnsseed thread start
2014-12-08 21:25:48 Loading addresses from DNS seeds (could take a while)
2014-12-08 21:25:48 0 addresses found from DNS seeds
2014-12-08 21:25:48 dnsseed thread exit
2014-12-08 21:25:48 net thread start
2014-12-08 21:25:48 addcon thread start
2014-12-08 21:25:48 opencon thread start
2014-12-08 21:25:48 init message: Done loading
2014-12-08 21:25:48 msghand thread start
2014-12-08 21:25:48 dumpaddr thread start
2014-12-08 21:25:48 GetMyExternalIP() received [199.175.54.78] 199.175.54.78:0
2014-12-08 21:25:48 GetMyExternalIP() returned 199.175.54.78
2014-12-08 21:25:48 AddLocal(199.175.54.78:13420,4)
2014-12-08 21:25:56 ThreadRPCServer method=validateaddress
2014-12-08 21:25:56 ThreadRPCServer method=getbalance
2014-12-08 21:25:56 ThreadRPCServer method=dumpprivkey
2014-12-08 21:25:56 ThreadRPCServer method=getinfo
2014-12-08 21:25:56 keypool reserve 2
2014-12-08 21:25:56 keypool return 2
2014-12-08 21:25:56 ThreadRPCServer method=validateaddress
2014-12-08 21:25:56 ThreadRPCServer method=getdifficulty
2014-12-08 21:25:56 ThreadRPCServer method=getinfo
2014-12-08 21:25:56 keypool reserve 2
2014-12-08 21:25:56 keypool return 2
2014-12-08 21:25:56 ThreadRPCServer method=getmininginfo
2014-12-08 21:25:56 ThreadRPCServer method=submitblock
2014-12-08 21:25:57 ThreadRPCServer method=getinfo
2014-12-08 21:25:57 keypool reserve 2
2014-12-08 21:25:57 keypool return 2
2014-12-08 21:25:57 ThreadRPCServer method=validateaddress
2014-12-08 21:25:57 ThreadRPCServer method=getdifficulty
2014-12-08 21:25:57 ThreadRPCServer method=getinfo
2014-12-08 21:25:57 keypool reserve 2
2014-12-08 21:25:57 keypool return 2
2014-12-08 21:25:57 ThreadRPCServer method=getmininginfo
2014-12-08 21:25:57 ThreadRPCServer method=submitblock
2014-12-08 21:25:57 ThreadRPCServer method=getinfo
2014-12-08 21:25:57 keypool reserve 2
2014-12-08 21:25:57 keypool return 2
2014-12-08 21:25:57 ThreadRPCServer method=validateaddress
2014-12-08 21:25:57 ThreadRPCServer method=getdifficulty
2014-12-08 21:25:57 ThreadRPCServer method=getinfo
2014-12-08 21:25:57 keypool reserve 2
2014-12-08 21:25:57 keypool return 2
2014-12-08 21:25:57 ThreadRPCServer method=getmininginfo
2014-12-08 21:25:57 ThreadRPCServer method=submitblock
2014-12-08 21:25:57 ThreadRPCServer method=getinfo
2014-12-08 21:25:57 keypool reserve 2
2014-12-08 21:25:57 keypool return 2
2014-12-08 21:25:57 ThreadRPCServer method=validateaddress
2014-12-08 21:25:57 ThreadRPCServer method=getdifficulty
2014-12-08 21:25:57 ThreadRPCServer method=getinfo
2014-12-08 21:25:57 keypool reserve 2
2014-12-08 21:25:57 keypool return 2
2014-12-08 21:25:57 ThreadRPCServer method=getmininginfo
2014-12-08 21:25:57 ThreadRPCServer method=submitblock
2014-12-08 21:27:24 Shutdown : In progress...
2014-12-08 21:27:24 addcon thread interrupt
2014-12-08 21:27:24 dumpaddr thread stop
2014-12-08 21:27:24 Flush(false)
2014-12-08 21:27:24 wallet.dat refcount=0
2014-12-08 21:27:24 msghand thread interrupt
2014-12-08 21:27:24 opencon thread interrupt
2014-12-08 21:27:24 wallet.dat checkpoint
2014-12-08 21:27:24 wallet.dat detach
2014-12-08 21:27:24 wallet.dat closed
2014-12-08 21:27:24 DBFlush(false) ended               0ms
2014-12-08 21:27:24 StopNode()
2014-12-08 21:27:24 net thread interrupt
2014-12-08 21:27:24 Flushed 0 addresses to peers.dat  1ms
2014-12-08 21:27:24 Committing 0 changed transactions to coin database...
2014-12-08 21:27:24 Flush(true)
2014-12-08 21:27:24 wallet.dat refcount=0
2014-12-08 21:27:24 wallet.dat checkpoint
2014-12-08 21:27:24 wallet.dat detach
2014-12-08 21:27:24 wallet.dat closed
2014-12-08 21:27:24 DBFlush(true) ended               1ms
2014-12-08 21:27:24 Shutdown : done
2014-12-11 07:39:33 



















2014-12-11 07:39:33 Pennypincher version v0.8.6.2-unk-beta (Dec 11 2014, 02:27:11)
2014-12-11 07:39:33 Using OpenSSL version OpenSSL 1.0.1j 15 Oct 2014
2014-12-11 07:39:33 Default data directory .
2014-12-11 07:39:33 Using data directory .
2014-12-11 07:39:33 Using at most 125 connections (2048 file descriptors available)
2014-12-11 07:39:33 Using 8 threads for script verification
2014-12-11 07:39:33 init message: Verifying wallet...
2014-12-11 07:39:33 dbenv.open LogDir=.\database ErrorFile=.\db.log
2014-12-11 07:39:33 Bound to [::]:11320
2014-12-11 07:39:33 Bound to 0.0.0.0:11320
2014-12-11 07:39:33 init message: Loading block index...
2014-12-11 07:39:33 Opening LevelDB in .\blocks\index
2014-12-11 07:39:33 Opened LevelDB successfully
2014-12-11 07:39:33 Opening LevelDB in .\chainstate
2014-12-11 07:39:33 Opened LevelDB successfully
2014-12-11 07:39:33 LoadBlockIndexDB(): last block file = 0
2014-12-11 07:39:33 LoadBlockIndexDB(): last block file info: CBlockFileInfo(blocks=1, size=237, heights=0...0, time=2014-11-03...2014-11-03)
2014-12-11 07:39:33 LoadBlockIndexDB(): transaction index disabled
2014-12-11 07:39:33 LoadBlockIndexDB(): hashBestChain=b1f3774cca8775cdef0cf392f4628078a7972e60fb0fc15dccc3c47c36602524  height=0 date=2014-11-03 21:47:00
2014-12-11 07:39:33 Error: Incorrect or no genesis block found. Wrong datadir for network?
2014-12-11 07:39:33 Shutdown : In progress...
2014-12-11 07:39:33 StopNode()
2014-12-11 07:39:33 Flushed 0 addresses to peers.dat  2ms
2014-12-11 07:39:33 Committing 0 changed transactions to coin database...
2014-12-11 07:39:33 Shutdown : done
2014-12-11 07:39:43 



















2014-12-11 07:39:43 Pennypincher version v0.8.6.2-unk-beta (Dec 11 2014, 02:27:11)
2014-12-11 07:39:43 Using OpenSSL version OpenSSL 1.0.1j 15 Oct 2014
2014-12-11 07:39:43 Default data directory .
2014-12-11 07:39:43 Using data directory .
2014-12-11 07:39:43 Using at most 125 connections (2048 file descriptors available)
2014-12-11 07:39:43 Using 8 threads for script verification
2014-12-11 07:39:43 init message: Verifying wallet...
2014-12-11 07:39:43 dbenv.open LogDir=.\database ErrorFile=.\db.log
2014-12-11 07:39:43 Bound to [::]:11320
2014-12-11 07:39:43 Bound to 0.0.0.0:11320
2014-12-11 07:39:43 init message: Loading block index...
2014-12-11 07:39:43 Opening LevelDB in .\blocks\index
2014-12-11 07:39:43 Opened LevelDB successfully
2014-12-11 07:39:43 Opening LevelDB in .\chainstate
2014-12-11 07:39:43 Opened LevelDB successfully
2014-12-11 07:39:43 LoadBlockIndexDB(): last block file = 0
2014-12-11 07:39:43 LoadBlockIndexDB(): last block file info: CBlockFileInfo(blocks=1, size=237, heights=0...0, time=2014-11-03...2014-11-03)
2014-12-11 07:39:43 LoadBlockIndexDB(): transaction index disabled
2014-12-11 07:39:43 LoadBlockIndexDB(): hashBestChain=b1f3774cca8775cdef0cf392f4628078a7972e60fb0fc15dccc3c47c36602524  height=0 date=2014-11-03 21:47:00
2014-12-11 07:39:43 Error: Incorrect or no genesis block found. Wrong datadir for network?
2014-12-11 07:39:43 Shutdown : In progress...
2014-12-11 07:39:43 StopNode()
2014-12-11 07:39:43 Flushed 0 addresses to peers.dat  2ms
2014-12-11 07:39:43 Committing 0 changed transactions to coin database...
2014-12-11 07:39:43 Shutdown : done
